<?xml version="1.0" encoding="UTF-8"?>
<!-- Generated by org.testng.reporters.JUnitReportReporter -->
<testsuite hostname="LAPTOP-5SR2QSM5" failures="0" tests="4" name="Runners.MyRunner" time="34.232" errors="0" timestamp="2024-10-01T16:13:16 IST" skipped="0">
  <testcase classname="Runners.MyRunner" name="runScenario" time="7.662"/>
  <testcase classname="Runners.MyRunner" name="runScenario" time="8.285"/>
  <testcase classname="Runners.MyRunner" name="runScenario" time="10.612"/>
  <testcase classname="Runners.MyRunner" name="runScenario" time="7.673"/>
</testsuite> <!-- Runners.MyRunner -->
